[2020-04-18 17:03:17,409] TRACE [Controller id=0] Checking need to trigger auto leader balancing (kafka.controller.KafkaController)
[2020-04-18 17:03:17,410] DEBUG [Controller id=0] Preferred replicas by broker Map(0 -> Map(video3-0 -> Vector(0))) (kafka.controller.KafkaController)
[2020-04-18 17:03:17,410] DEBUG [Controller id=0] Topics not in preferred replica for broker 0 Map() (kafka.controller.KafkaController)
[2020-04-18 17:03:17,411] TRACE [Controller id=0] Leader imbalance ratio for broker 0 is 0.0 (kafka.controller.KafkaController)
[2020-04-18 17:08:17,411] TRACE [Controller id=0] Checking need to trigger auto leader balancing (kafka.controller.KafkaController)
[2020-04-18 17:08:17,411] DEBUG [Controller id=0] Preferred replicas by broker Map(0 -> Map(video3-0 -> Vector(0))) (kafka.controller.KafkaController)
[2020-04-18 17:08:17,411] DEBUG [Controller id=0] Topics not in preferred replica for broker 0 Map() (kafka.controller.KafkaController)
[2020-04-18 17:08:17,411] TRACE [Controller id=0] Leader imbalance ratio for broker 0 is 0.0 (kafka.controller.KafkaController)
[2020-04-18 17:13:17,412] TRACE [Controller id=0] Checking need to trigger auto leader balancing (kafka.controller.KafkaController)
[2020-04-18 17:13:17,412] DEBUG [Controller id=0] Preferred replicas by broker Map(0 -> Map(video3-0 -> Vector(0))) (kafka.controller.KafkaController)
[2020-04-18 17:13:17,412] DEBUG [Controller id=0] Topics not in preferred replica for broker 0 Map() (kafka.controller.KafkaController)
[2020-04-18 17:13:17,412] TRACE [Controller id=0] Leader imbalance ratio for broker 0 is 0.0 (kafka.controller.KafkaController)
[2020-04-18 17:18:17,412] TRACE [Controller id=0] Checking need to trigger auto leader balancing (kafka.controller.KafkaController)
[2020-04-18 17:18:17,412] DEBUG [Controller id=0] Preferred replicas by broker Map(0 -> Map(video3-0 -> Vector(0))) (kafka.controller.KafkaController)
[2020-04-18 17:18:17,413] DEBUG [Controller id=0] Topics not in preferred replica for broker 0 Map() (kafka.controller.KafkaController)
[2020-04-18 17:18:17,413] TRACE [Controller id=0] Leader imbalance ratio for broker 0 is 0.0 (kafka.controller.KafkaController)
[2020-04-18 17:23:17,413] TRACE [Controller id=0] Checking need to trigger auto leader balancing (kafka.controller.KafkaController)
[2020-04-18 17:23:17,413] DEBUG [Controller id=0] Preferred replicas by broker Map(0 -> Map(video3-0 -> Vector(0))) (kafka.controller.KafkaController)
[2020-04-18 17:23:17,413] DEBUG [Controller id=0] Topics not in preferred replica for broker 0 Map() (kafka.controller.KafkaController)
[2020-04-18 17:23:17,413] TRACE [Controller id=0] Leader imbalance ratio for broker 0 is 0.0 (kafka.controller.KafkaController)
[2020-04-18 17:28:17,414] TRACE [Controller id=0] Checking need to trigger auto leader balancing (kafka.controller.KafkaController)
[2020-04-18 17:28:17,414] DEBUG [Controller id=0] Preferred replicas by broker Map(0 -> Map(video3-0 -> Vector(0))) (kafka.controller.KafkaController)
[2020-04-18 17:28:17,414] DEBUG [Controller id=0] Topics not in preferred replica for broker 0 Map() (kafka.controller.KafkaController)
[2020-04-18 17:28:17,414] TRACE [Controller id=0] Leader imbalance ratio for broker 0 is 0.0 (kafka.controller.KafkaController)
[2020-04-18 17:33:17,414] TRACE [Controller id=0] Checking need to trigger auto leader balancing (kafka.controller.KafkaController)
[2020-04-18 17:33:17,415] DEBUG [Controller id=0] Preferred replicas by broker Map(0 -> Map(video3-0 -> Vector(0))) (kafka.controller.KafkaController)
[2020-04-18 17:33:17,415] DEBUG [Controller id=0] Topics not in preferred replica for broker 0 Map() (kafka.controller.KafkaController)
[2020-04-18 17:33:17,415] TRACE [Controller id=0] Leader imbalance ratio for broker 0 is 0.0 (kafka.controller.KafkaController)
[2020-04-18 17:37:59,675] INFO [Controller id=0] Shutting down broker 0 (kafka.controller.KafkaController)
[2020-04-18 17:37:59,676] DEBUG [Controller id=0] All shutting down brokers: 0 (kafka.controller.KafkaController)
[2020-04-18 17:37:59,678] DEBUG [Controller id=0] Live brokers:  (kafka.controller.KafkaController)
[2020-04-18 17:37:59,684] TRACE [Controller id=0] All leaders = video3-0 -> (Leader:0,ISR:0,LeaderEpoch:0,ControllerEpoch:1) (kafka.controller.KafkaController)
[2020-04-18 17:38:00,552] INFO [ControllerEventThread controllerId=0] Shutting down (kafka.controller.ControllerEventManager$ControllerEventThread)
[2020-04-18 17:38:00,552] INFO [ControllerEventThread controllerId=0] Stopped (kafka.controller.ControllerEventManager$ControllerEventThread)
[2020-04-18 17:38:00,552] INFO [ControllerEventThread controllerId=0] Shutdown completed (kafka.controller.ControllerEventManager$ControllerEventThread)
[2020-04-18 17:38:00,552] DEBUG [Controller id=0] Resigning (kafka.controller.KafkaController)
[2020-04-18 17:38:00,553] DEBUG [Controller id=0] Unregister BrokerModifications handler for Set(0) (kafka.controller.KafkaController)
[2020-04-18 17:38:00,555] INFO [PartitionStateMachine controllerId=0] Stopped partition state machine (kafka.controller.PartitionStateMachine)
[2020-04-18 17:38:00,556] INFO [ReplicaStateMachine controllerId=0] Stopped replica state machine (kafka.controller.ReplicaStateMachine)
[2020-04-18 17:38:00,557] INFO [RequestSendThread controllerId=0] Shutting down (kafka.controller.RequestSendThread)
[2020-04-18 17:38:00,557] INFO [RequestSendThread controllerId=0] Shutdown completed (kafka.controller.RequestSendThread)
[2020-04-18 17:38:00,557] INFO [RequestSendThread controllerId=0] Stopped (kafka.controller.RequestSendThread)
[2020-04-18 17:38:00,560] INFO [Controller id=0] Resigned (kafka.controller.KafkaController)
