[2020-04-18 17:08:11,746] INFO [GroupMetadataManager brokerId=0] Removed 0 expired offsets in 0 milliseconds. (kafka.coordinator.group.GroupMetadataManager)
[2020-04-18 17:18:11,746] INFO [GroupMetadataManager brokerId=0] Removed 0 expired offsets in 0 milliseconds. (kafka.coordinator.group.GroupMetadataManager)
[2020-04-18 17:23:39,938] INFO [ProducerStateManager partition=video3-0] Writing producer snapshot at offset 1470486 (kafka.log.ProducerStateManager)
[2020-04-18 17:23:39,940] INFO [Log partition=video3-0, dir=/tmp/kafka-logs] Rolled new log segment at offset 1470486 in 3 ms. (kafka.log.Log)
[2020-04-18 17:28:11,746] INFO [GroupMetadataManager brokerId=0] Removed 0 expired offsets in 0 milliseconds. (kafka.coordinator.group.GroupMetadataManager)
[2020-04-18 17:37:59,648] INFO Terminating process due to signal SIGHUP (org.apache.kafka.common.utils.LoggingSignalHandler)
[2020-04-18 17:37:59,651] INFO [KafkaServer id=0] shutting down (kafka.server.KafkaServer)
[2020-04-18 17:37:59,653] INFO [KafkaServer id=0] Starting controlled shutdown (kafka.server.KafkaServer)
[2020-04-18 17:37:59,686] INFO [KafkaServer id=0] Controlled shutdown succeeded (kafka.server.KafkaServer)
[2020-04-18 17:37:59,691] INFO [/config/changes-event-process-thread]: Shutting down (kafka.common.ZkNodeChangeNotificationListener$ChangeEventProcessThread)
[2020-04-18 17:37:59,692] INFO [/config/changes-event-process-thread]: Shutdown completed (kafka.common.ZkNodeChangeNotificationListener$ChangeEventProcessThread)
[2020-04-18 17:37:59,692] INFO [/config/changes-event-process-thread]: Stopped (kafka.common.ZkNodeChangeNotificationListener$ChangeEventProcessThread)
[2020-04-18 17:37:59,693] INFO [SocketServer brokerId=0] Stopping socket server request processors (kafka.network.SocketServer)
[2020-04-18 17:37:59,711] INFO [SocketServer brokerId=0] Stopped socket server request processors (kafka.network.SocketServer)
[2020-04-18 17:37:59,713] INFO [data-plane Kafka Request Handler on Broker 0], shutting down (kafka.server.KafkaRequestHandlerPool)
[2020-04-18 17:37:59,716] INFO [data-plane Kafka Request Handler on Broker 0], shut down completely (kafka.server.KafkaRequestHandlerPool)
[2020-04-18 17:37:59,723] INFO [KafkaApi-0] Shutdown complete. (kafka.server.KafkaApis)
[2020-04-18 17:37:59,724] INFO [ExpirationReaper-0-topic]: Shutting down (kafka.server.DelayedOperationPurgatory$ExpiredOperationReaper)
[2020-04-18 17:37:59,888] INFO [ExpirationReaper-0-topic]: Stopped (kafka.server.DelayedOperationPurgatory$ExpiredOperationReaper)
[2020-04-18 17:37:59,888] INFO [ExpirationReaper-0-topic]: Shutdown completed (kafka.server.DelayedOperationPurgatory$ExpiredOperationReaper)
[2020-04-18 17:37:59,893] INFO [TransactionCoordinator id=0] Shutting down. (kafka.coordinator.transaction.TransactionCoordinator)
[2020-04-18 17:37:59,895] INFO [ProducerId Manager 0]: Shutdown complete: last producerId assigned 18000 (kafka.coordinator.transaction.ProducerIdManager)
[2020-04-18 17:37:59,896] INFO [Transaction State Manager 0]: Shutdown complete (kafka.coordinator.transaction.TransactionStateManager)
[2020-04-18 17:37:59,896] INFO [Transaction Marker Channel Manager 0]: Shutting down (kafka.coordinator.transaction.TransactionMarkerChannelManager)
[2020-04-18 17:37:59,898] INFO [Transaction Marker Channel Manager 0]: Stopped (kafka.coordinator.transaction.TransactionMarkerChannelManager)
[2020-04-18 17:37:59,898] INFO [Transaction Marker Channel Manager 0]: Shutdown completed (kafka.coordinator.transaction.TransactionMarkerChannelManager)
[2020-04-18 17:37:59,899] INFO [TransactionCoordinator id=0] Shutdown complete. (kafka.coordinator.transaction.TransactionCoordinator)
[2020-04-18 17:37:59,900] INFO [GroupCoordinator 0]: Shutting down. (kafka.coordinator.group.GroupCoordinator)
[2020-04-18 17:37:59,901] INFO [ExpirationReaper-0-Heartbeat]: Shutting down (kafka.server.DelayedOperationPurgatory$ExpiredOperationReaper)
[2020-04-18 17:38:00,009] INFO Unable to read additional data from server sessionid 0x1007312e7ab0000, likely server has closed socket, closing socket connection and attempting reconnect (org.apache.zookeeper.ClientCnxn)
[2020-04-18 17:38:00,054] INFO [ExpirationReaper-0-Heartbeat]: Stopped (kafka.server.DelayedOperationPurgatory$ExpiredOperationReaper)
[2020-04-18 17:38:00,054] INFO [ExpirationReaper-0-Heartbeat]: Shutdown completed (kafka.server.DelayedOperationPurgatory$ExpiredOperationReaper)
[2020-04-18 17:38:00,055] INFO [ExpirationReaper-0-Rebalance]: Shutting down (kafka.server.DelayedOperationPurgatory$ExpiredOperationReaper)
[2020-04-18 17:38:00,248] INFO [ExpirationReaper-0-Rebalance]: Stopped (kafka.server.DelayedOperationPurgatory$ExpiredOperationReaper)
[2020-04-18 17:38:00,248] INFO [ExpirationReaper-0-Rebalance]: Shutdown completed (kafka.server.DelayedOperationPurgatory$ExpiredOperationReaper)
[2020-04-18 17:38:00,249] INFO [GroupCoordinator 0]: Shutdown complete. (kafka.coordinator.group.GroupCoordinator)
[2020-04-18 17:38:00,251] INFO [ReplicaManager broker=0] Shutting down (kafka.server.ReplicaManager)
[2020-04-18 17:38:00,252] INFO [LogDirFailureHandler]: Shutting down (kafka.server.ReplicaManager$LogDirFailureHandler)
[2020-04-18 17:38:00,253] INFO [LogDirFailureHandler]: Stopped (kafka.server.ReplicaManager$LogDirFailureHandler)
[2020-04-18 17:38:00,253] INFO [LogDirFailureHandler]: Shutdown completed (kafka.server.ReplicaManager$LogDirFailureHandler)
[2020-04-18 17:38:00,254] INFO [ReplicaFetcherManager on broker 0] shutting down (kafka.server.ReplicaFetcherManager)
[2020-04-18 17:38:00,258] INFO [ReplicaFetcherManager on broker 0] shutdown completed (kafka.server.ReplicaFetcherManager)
[2020-04-18 17:38:00,259] INFO [ReplicaAlterLogDirsManager on broker 0] shutting down (kafka.server.ReplicaAlterLogDirsManager)
[2020-04-18 17:38:00,260] INFO [ReplicaAlterLogDirsManager on broker 0] shutdown completed (kafka.server.ReplicaAlterLogDirsManager)
[2020-04-18 17:38:00,260] INFO [ExpirationReaper-0-Fetch]: Shutting down (kafka.server.DelayedOperationPurgatory$ExpiredOperationReaper)
[2020-04-18 17:38:00,314] INFO [ExpirationReaper-0-Fetch]: Stopped (kafka.server.DelayedOperationPurgatory$ExpiredOperationReaper)
[2020-04-18 17:38:00,314] INFO [ExpirationReaper-0-Fetch]: Shutdown completed (kafka.server.DelayedOperationPurgatory$ExpiredOperationReaper)
[2020-04-18 17:38:00,314] INFO [ExpirationReaper-0-Produce]: Shutting down (kafka.server.DelayedOperationPurgatory$ExpiredOperationReaper)
[2020-04-18 17:38:00,398] INFO [ExpirationReaper-0-Produce]: Stopped (kafka.server.DelayedOperationPurgatory$ExpiredOperationReaper)
[2020-04-18 17:38:00,398] INFO [ExpirationReaper-0-Produce]: Shutdown completed (kafka.server.DelayedOperationPurgatory$ExpiredOperationReaper)
[2020-04-18 17:38:00,399] INFO [ExpirationReaper-0-DeleteRecords]: Shutting down (kafka.server.DelayedOperationPurgatory$ExpiredOperationReaper)
[2020-04-18 17:38:00,431] INFO [ExpirationReaper-0-DeleteRecords]: Stopped (kafka.server.DelayedOperationPurgatory$ExpiredOperationReaper)
[2020-04-18 17:38:00,431] INFO [ExpirationReaper-0-DeleteRecords]: Shutdown completed (kafka.server.DelayedOperationPurgatory$ExpiredOperationReaper)
[2020-04-18 17:38:00,431] INFO [ExpirationReaper-0-ElectPreferredLeader]: Shutting down (kafka.server.DelayedOperationPurgatory$ExpiredOperationReaper)
[2020-04-18 17:38:00,510] INFO [ExpirationReaper-0-ElectPreferredLeader]: Stopped (kafka.server.DelayedOperationPurgatory$ExpiredOperationReaper)
[2020-04-18 17:38:00,510] INFO [ExpirationReaper-0-ElectPreferredLeader]: Shutdown completed (kafka.server.DelayedOperationPurgatory$ExpiredOperationReaper)
[2020-04-18 17:38:00,512] INFO [ReplicaManager broker=0] Shut down completely (kafka.server.ReplicaManager)
[2020-04-18 17:38:00,514] INFO Shutting down. (kafka.log.LogManager)
[2020-04-18 17:38:00,528] INFO [ProducerStateManager partition=video3-0] Writing producer snapshot at offset 1474010 (kafka.log.ProducerStateManager)
[2020-04-18 17:38:00,550] INFO Shutdown complete. (kafka.log.LogManager)
[2020-04-18 17:38:00,560] INFO [ZooKeeperClient] Closing. (kafka.zookeeper.ZooKeeperClient)
[2020-04-18 17:38:01,212] INFO Opening socket connection to server localhost/127.0.0.1:2181. Will not attempt to authenticate using SASL (unknown error) (org.apache.zookeeper.ClientCnxn)
[2020-04-18 17:38:01,314] INFO Session: 0x1007312e7ab0000 closed (org.apache.zookeeper.ZooKeeper)
[2020-04-18 17:38:01,315] INFO EventThread shut down for session: 0x1007312e7ab0000 (org.apache.zookeeper.ClientCnxn)
[2020-04-18 17:38:01,317] INFO [ZooKeeperClient] Closed. (kafka.zookeeper.ZooKeeperClient)
[2020-04-18 17:38:01,318] INFO [ThrottledChannelReaper-Fetch]: Shutting down (kafka.server.ClientQuotaManager$ThrottledChannelReaper)
[2020-04-18 17:38:02,092] INFO [ThrottledChannelReaper-Fetch]: Stopped (kafka.server.ClientQuotaManager$ThrottledChannelReaper)
[2020-04-18 17:38:02,092] INFO [ThrottledChannelReaper-Fetch]: Shutdown completed (kafka.server.ClientQuotaManager$ThrottledChannelReaper)
[2020-04-18 17:38:02,093] INFO [ThrottledChannelReaper-Produce]: Shutting down (kafka.server.ClientQuotaManager$ThrottledChannelReaper)
[2020-04-18 17:38:02,331] INFO [ThrottledChannelReaper-Produce]: Stopped (kafka.server.ClientQuotaManager$ThrottledChannelReaper)
[2020-04-18 17:38:02,331] INFO [ThrottledChannelReaper-Produce]: Shutdown completed (kafka.server.ClientQuotaManager$ThrottledChannelReaper)
[2020-04-18 17:38:02,332] INFO [ThrottledChannelReaper-Request]: Shutting down (kafka.server.ClientQuotaManager$ThrottledChannelReaper)
[2020-04-18 17:38:03,179] INFO [ThrottledChannelReaper-Request]: Stopped (kafka.server.ClientQuotaManager$ThrottledChannelReaper)
[2020-04-18 17:38:03,179] INFO [ThrottledChannelReaper-Request]: Shutdown completed (kafka.server.ClientQuotaManager$ThrottledChannelReaper)
[2020-04-18 17:38:03,182] INFO [SocketServer brokerId=0] Shutting down socket server (kafka.network.SocketServer)
[2020-04-18 17:38:03,217] INFO [SocketServer brokerId=0] Shutdown completed (kafka.network.SocketServer)
[2020-04-18 17:38:03,220] INFO [KafkaServer id=0] shut down completed (kafka.server.KafkaServer)
